[23:05:09] [ServerMain/INFO]: Environment: Environment[accountsHost=https://api.mojang.com, sessionHost=https://sessionserver.mojang.com, servicesHost=https://api.minecraftservices.com, name=PROD]
[23:05:12] [ServerMain/INFO]: Loaded 7 recipes
[23:05:12] [Server thread/INFO]: Starting minecraft server version 1.20.2
[23:05:12] [Server thread/INFO]: Loading properties
[23:05:12] [Server thread/INFO]: This server is running Paper version git-Paper-260 (MC: 1.20.2) (Implementing API version 1.20.2-R0.1-SNAPSHOT) (Git: 1865625)
[23:05:13] [Server thread/INFO]: Server Ping Player Sample Count: 12
[23:05:13] [Server thread/INFO]: Using 4 threads for Netty based IO
[23:05:13] [Server thread/WARN]: [!] The timings profiler has been enabled but has been scheduled for removal from Paper in the future.
    We recommend installing the spark profiler as a replacement: https://spark.lucko.me/
    For more information please visit: https://github.com/PaperMC/Paper/issues/8948
[23:05:13] [Server thread/INFO]: [ChunkTaskScheduler] Chunk system is using 1 I/O threads, 2 worker threads, and gen parallelism of 2 threads
[23:05:14] [Server thread/INFO]: Default game type: SURVIVAL
[23:05:14] [Server thread/INFO]: Generating keypair
[23:05:14] [Server thread/INFO]: Starting Minecraft server on *:25565
[23:05:14] [Server thread/INFO]: Using epoll channel type
[23:05:14] [Server thread/INFO]: Paper: Using libdeflate (Linux x86_64) compression from Velocity.
[23:05:14] [Server thread/INFO]: Paper: Using OpenSSL 3.0.x (Linux x86_64) cipher from Velocity.
[23:05:14] [Server thread/INFO]: [TinyWorlds] Loading server plugin TinyWorlds v1.0.0
[23:05:14] [Server thread/INFO]: Server permissions file permissions.yml is empty, ignoring it
[23:05:14] [Server thread/INFO]: Preparing level "world"
[23:05:15] [Server thread/INFO]: Preparing start region for dimension minecraft:overworld
[23:05:15] [Server thread/INFO]: Time elapsed: 305 ms
[23:05:15] [Server thread/INFO]: Preparing start region for dimension minecraft:the_nether
[23:05:16] [Server thread/INFO]: Time elapsed: 77 ms
[23:05:16] [Server thread/INFO]: Preparing start region for dimension minecraft:the_end
[23:05:16] [Server thread/INFO]: Time elapsed: 71 ms
[23:05:16] [Server thread/INFO]: [TinyWorlds] Enabling TinyWorlds v1.0.0
[23:05:16] [Server thread/INFO]: Running delayed init tasks
[23:05:16] [Server thread/INFO]: Done (3.883s)! For help, type "help"
[23:05:16] [Server thread/INFO]: Timings Reset
[23:05:26] [User Authenticator #0/INFO]: UUID of player TerryGHG is 601c3e79-9cc5-486f-8502-eedf1743aa9f
[23:05:27] [Server thread/INFO]: TerryGHG joined the game
[23:05:27] [Server thread/INFO]: TerryGHG[/127.0.0.1:58494] logged in with entity id 300 at ([world]-23.00869938301526, 66.0, 82.01909901422196)
[23:05:30] [Server thread/INFO]: TerryGHG issued server command: /worlds
[23:05:57] [Server thread/INFO]: TerryGHG issued server command: /worlds
[23:06:07] [Server thread/INFO]: TerryGHG issued server command: /worlds
[23:06:25] [Server thread/INFO]: TerryGHG issued server command: /worlds
[23:06:31] [Server thread/INFO]: TerryGHG issued server command: /worlds
[23:06:38] [Server thread/INFO]: TerryGHG issued server command: /worlds
[23:06:45] [Server thread/INFO]: TerryGHG issued server command: /worlds
[23:06:56] [Server thread/INFO]: TerryGHG issued server command: /worlds
[23:07:14] [Server thread/INFO]: TerryGHG issued server command: /worlds
[23:07:22] [Server thread/INFO]: TerryGHG issued server command: /worlds
[23:07:28] [Server thread/INFO]: TerryGHG issued server command: /worlds
[23:07:33] [Server thread/INFO]: TerryGHG issued server command: /worlds
[23:07:54] [Server thread/INFO]: TerryGHG issued server command: /worlds
[23:08:43] [Server thread/INFO]: TerryGHG issued server command: /worlds
[23:09:19] [Server thread/INFO]: TerryGHG issued server command: /worlds
[23:09:25] [Server thread/INFO]: TerryGHG issued server command: /worlds
[23:09:33] [Server thread/INFO]: TerryGHG issued server command: /worlds
[23:10:19] [Server thread/INFO]: TerryGHG issued server command: /worlds
[23:10:33] [Server thread/INFO]: TerryGHG issued server command: /worlds
[23:10:45] [Server thread/INFO]: TerryGHG issued server command: /worlds
